\BOOKMARK [1][-]{section.1}{What are Probabilistic Graphical Models \(PGMs\)?}{}% 1
\BOOKMARK [1][-]{section.2}{Motivation}{}% 2
\BOOKMARK [1][-]{section.3}{Mathematical Background}{}% 3
\BOOKMARK [2][-]{subsection.3.1}{Probability Theory}{section.3}% 4
\BOOKMARK [3][-]{subsubsection.3.1.1}{Conditional Probability and Independence}{subsection.3.1}% 5
\BOOKMARK [3][-]{subsubsection.3.1.2}{Results of Conditional Probability: Chain Rule and Bayes Rule}{subsection.3.1}% 6
\BOOKMARK [3][-]{subsubsection.3.1.3}{Random Variables, Marginal, and Joint Distributions}{subsection.3.1}% 7
\BOOKMARK [3][-]{subsubsection.3.1.4}{Mean/Expectation and Variance}{subsection.3.1}% 8
\BOOKMARK [2][-]{subsection.3.2}{Graph Theory}{section.3}% 9
\BOOKMARK [1][-]{section.4}{PGMs Representation}{}% 10
\BOOKMARK [2][-]{subsection.4.1}{Bayesian Networks Representation}{section.4}% 11
\BOOKMARK [3][-]{subsubsection.4.1.1}{Factorization Properties}{subsection.4.1}% 12
\BOOKMARK [3][-]{subsubsection.4.1.2}{Conditional Independence Property}{subsection.4.1}% 13
\BOOKMARK [3][-]{subsubsection.4.1.3}{Proof for The Conditional Independence Property}{subsection.4.1}% 14
\BOOKMARK [1][-]{section.5}{Learning in PGMs}{}% 15
\BOOKMARK [2][-]{subsection.5.1}{Learning The Conditional Distribution Tables of BNs}{section.5}% 16
\BOOKMARK [2][-]{subsection.5.2}{Hyperparameters}{section.5}% 17
\BOOKMARK [1][-]{section.6}{Inference in PGMs}{}% 18
\BOOKMARK [1][-]{section.7}{Applications/Examples}{}% 19
\BOOKMARK [1][-]{section.8}{State-of-the-art Work}{}% 20
